<?xml version="1.0" encoding="UTF-8"?>
<!-- Generated by org.testng.reporters.JUnitReportReporter -->
<testsuite skipped="0" hostname="PH5CG8464565" name="getter.run.db.TestGetter" tests="1" failures="0" timestamp="05 Apr 2019 09:01:58 GMT" time="0.183" errors="0">
  <testcase name="getTest" time="0.183" classname="getter.run.db.TestGetter"/>
</testsuite> <!-- getter.run.db.TestGetter -->
